2025-10-31 19:24:54,465 [INFO] app -> Application logger configured. [in /Users/plamenkostadinov/Downloads/logistics-company-osm-v8/app/extensions.py:19]
2025-10-31 19:24:54,938 [INFO] app -> Application logger configured. [in /Users/plamenkostadinov/Downloads/logistics-company-osm-v8/app/extensions.py:19]
2025-10-31 19:27:59,125 [INFO] app -> Application logger configured. [in /Users/plamenkostadinov/Downloads/logistics-company-osm-v8/app/extensions.py:19]
2025-10-31 19:28:21,884 [INFO] app -> Application logger configured. [in /Users/plamenkostadinov/Downloads/logistics-company-osm-v8/app/extensions.py:19]
2025-10-31 19:28:35,012 [INFO] app -> Application logger configured. [in /Users/plamenkostadinov/Downloads/logistics-company-osm-v8/app/extensions.py:19]
2025-10-31 19:28:49,230 [INFO] app -> Application logger configured. [in /Users/plamenkostadinov/Downloads/logistics-company-osm-v8/app/extensions.py:19]
2025-10-31 19:29:01,512 [INFO] app -> Application logger configured. [in /Users/plamenkostadinov/Downloads/logistics-company-osm-v8/app/extensions.py:19]
2025-10-31 19:29:06,301 [INFO] app -> Application logger configured. [in /Users/plamenkostadinov/Downloads/logistics-company-osm-v8/app/extensions.py:19]
2025-10-31 19:29:17,446 [INFO] app -> Application logger configured. [in /Users/plamenkostadinov/Downloads/logistics-company-osm-v8/app/extensions.py:19]
2025-10-31 19:29:28,615 [INFO] app -> Application logger configured. [in /Users/plamenkostadinov/Downloads/logistics-company-osm-v8/app/extensions.py:19]
2025-10-31 19:29:35,533 [INFO] app -> Application logger configured. [in /Users/plamenkostadinov/Downloads/logistics-company-osm-v8/app/extensions.py:19]
2025-10-31 19:31:11,398 [INFO] app -> Application logger configured. [in /Users/plamenkostadinov/Downloads/logistics-company-osm-v8/app/extensions.py:19]
2025-10-31 19:31:11,817 [INFO] app -> Application logger configured. [in /Users/plamenkostadinov/Downloads/logistics-company-osm-v8/app/extensions.py:19]
2025-11-02 17:45:08,519 [INFO] app -> Application logger configured. [in /Users/plamenkostadinov/Downloads/logistics-company-osm-v8/app/extensions.py:19]
2025-11-02 17:45:08,989 [INFO] app -> Application logger configured. [in /Users/plamenkostadinov/Downloads/logistics-company-osm-v8/app/extensions.py:19]
2025-11-02 17:47:09,073 [INFO] app -> Application logger configured. [in /Users/plamenkostadinov/Downloads/logistics-company-osm-v8/app/extensions.py:19]
2025-11-02 17:47:52,025 [INFO] app -> Application logger configured. [in /Users/plamenkostadinov/Downloads/logistics-company-osm-v8/app/extensions.py:19]
2025-11-02 17:49:08,068 [INFO] app -> Application logger configured. [in /Users/plamenkostadinov/Downloads/logistics-company-osm-v8/app/extensions.py:19]
2025-11-02 17:49:08,390 [INFO] app -> Application logger configured. [in /Users/plamenkostadinov/Downloads/logistics-company-osm-v8/app/extensions.py:19]
2025-11-02 18:12:24,802 [INFO] app -> Application logger configured. [in /Users/plamenkostadinov/Downloads/logistics-company-osm-v8/app/extensions.py:19]
2025-11-02 18:12:25,190 [INFO] app -> Application logger configured. [in /Users/plamenkostadinov/Downloads/logistics-company-osm-v8/app/extensions.py:19]
2025-11-02 18:23:19,742 [INFO] app -> Application logger configured. [in /Users/plamenkostadinov/Downloads/logistics-company-osm-v8/app/extensions.py:19]
2025-11-02 18:26:48,920 [INFO] app -> Application logger configured. [in /Users/plamenkostadinov/Downloads/logistics-company-osm-v8/app/extensions.py:19]
2025-11-02 18:26:59,992 [INFO] app -> Application logger configured. [in /Users/plamenkostadinov/Downloads/logistics-company-osm-v8/app/extensions.py:19]
2025-11-02 18:28:25,774 [INFO] app -> Application logger configured. [in /Users/plamenkostadinov/Downloads/logistics-company-osm-v8/app/extensions.py:19]
2025-11-02 18:28:43,205 [INFO] app -> Application logger configured. [in /Users/plamenkostadinov/Downloads/logistics-company-osm-v8/app/extensions.py:19]
2025-11-02 18:32:02,937 [INFO] app -> Application logger configured. [in /Users/plamenkostadinov/Downloads/logistics-company-osm-v8/app/extensions.py:19]
2025-11-02 18:33:30,107 [INFO] app -> Application logger configured. [in /Users/plamenkostadinov/Downloads/logistics-company-osm-v8/app/extensions.py:19]
2025-11-02 18:35:49,854 [INFO] app -> Application logger configured. [in /Users/plamenkostadinov/Downloads/logistics-company-osm-v8/app/extensions.py:19]
2025-11-02 18:36:13,890 [INFO] app -> Application logger configured. [in /Users/plamenkostadinov/Downloads/logistics-company-osm-v8/app/extensions.py:19]
2025-11-02 18:40:32,113 [INFO] app -> Application logger configured. [in /Users/plamenkostadinov/Downloads/logistics-company-osm-v8/app/extensions.py:19]
2025-11-02 18:40:42,443 [INFO] app -> Application logger configured. [in /Users/plamenkostadinov/Downloads/logistics-company-osm-v8/app/extensions.py:19]
2025-11-02 18:40:54,744 [INFO] app -> Application logger configured. [in /Users/plamenkostadinov/Downloads/logistics-company-osm-v8/app/extensions.py:19]
2025-11-02 18:41:05,938 [INFO] app -> Application logger configured. [in /Users/plamenkostadinov/Downloads/logistics-company-osm-v8/app/extensions.py:19]
2025-11-02 18:41:09,848 [INFO] app -> Application logger configured. [in /Users/plamenkostadinov/Downloads/logistics-company-osm-v8/app/extensions.py:19]
2025-11-02 18:41:47,228 [INFO] app -> Application logger configured. [in /Users/plamenkostadinov/Downloads/logistics-company-osm-v8/app/extensions.py:19]
2025-11-02 18:42:01,548 [INFO] app -> Application logger configured. [in /Users/plamenkostadinov/Downloads/logistics-company-osm-v8/app/extensions.py:19]
2025-11-04 08:22:36,635 [INFO] app -> Application logger configured. [in /Users/plamenkostadinov/Downloads/logistics-company-osm-v8/app/extensions.py:19]
2025-11-04 08:22:39,410 [INFO] app -> Application logger configured. [in /Users/plamenkostadinov/Downloads/logistics-company-osm-v8/app/extensions.py:19]
2025-11-04 23:23:27,609 [INFO] app -> Application logger configured. [in /Users/plamenkostadinov/Downloads/logistics-company-osm-v8/app/extensions.py:19]
2025-11-04 23:23:27,666 [INFO] app -> Application logger configured. [in /Users/plamenkostadinov/Downloads/logistics-company-osm-v8/app/extensions.py:19]
2025-11-04 23:23:31,669 [INFO] app -> Application logger configured. [in /Users/plamenkostadinov/Downloads/logistics-company-osm-v8/app/extensions.py:19]
2025-11-04 23:23:31,669 [INFO] app -> Application logger configured. [in /Users/plamenkostadinov/Downloads/logistics-company-osm-v8/app/extensions.py:19]
2025-11-04 23:23:31,813 [ERROR] app -> Exception on /register [POST] [in /Users/plamenkostadinov/Downloads/logistics-company-osm-v8/.venv/lib/python3.13/site-packages/flask/app.py:875]
Traceback (most recent call last):
  File "/Users/plamenkostadinov/Downloads/logistics-company-osm-v8/.venv/lib/python3.13/site-packages/flask/app.py", line 1511, in wsgi_app
    response = self.full_dispatch_request()
  File "/Users/plamenkostadinov/Downloads/logistics-company-osm-v8/.venv/lib/python3.13/site-packages/flask/app.py", line 919, in full_dispatch_request
    rv = self.handle_user_exception(e)
  File "/Users/plamenkostadinov/Downloads/logistics-company-osm-v8/.venv/lib/python3.13/site-packages/flask/app.py", line 917, in full_dispatch_request
    rv = self.dispatch_request()
  File "/Users/plamenkostadinov/Downloads/logistics-company-osm-v8/.venv/lib/python3.13/site-packages/flask/app.py", line 902, in dispatch_request
    return self.ensure_sync(self.view_functions[rule.endpoint])(**view_args)  # type: ignore[no-any-return]
           ~~~~~~~~~~~~~~~~~~~~~~~~~~~~~~~~~~~~~~~~~~~~~~~~~~~~^^^^^^^^^^^^^
  File "/Users/plamenkostadinov/Downloads/logistics-company-osm-v8/app/blueprints/auth.py", line 50, in register_client
    db.execute("INSERT INTO users(email, password_hash, role) VALUES (?,?, 'client')",
    ~~~~~~~~~~^^^^^^^^^^^^^^^^^^^^^^^^^^^^^^^^^^^^^^^^^^^^^^^^^^^^^^^^^^^^^^^^^^^^^^^^
               (email, generate_password_hash(password)))
               ^^^^^^^^^^^^^^^^^^^^^^^^^^^^^^^^^^^^^^^^^^
sqlite3.IntegrityError: UNIQUE constraint failed: users.email
2025-11-04 23:23:31,815 [ERROR] app -> Unhandled exception [in /Users/plamenkostadinov/Downloads/logistics-company-osm-v8/app/errors.py:13]
Traceback (most recent call last):
  File "/Users/plamenkostadinov/Downloads/logistics-company-osm-v8/.venv/lib/python3.13/site-packages/flask/app.py", line 1511, in wsgi_app
    response = self.full_dispatch_request()
  File "/Users/plamenkostadinov/Downloads/logistics-company-osm-v8/.venv/lib/python3.13/site-packages/flask/app.py", line 919, in full_dispatch_request
    rv = self.handle_user_exception(e)
  File "/Users/plamenkostadinov/Downloads/logistics-company-osm-v8/.venv/lib/python3.13/site-packages/flask/app.py", line 917, in full_dispatch_request
    rv = self.dispatch_request()
  File "/Users/plamenkostadinov/Downloads/logistics-company-osm-v8/.venv/lib/python3.13/site-packages/flask/app.py", line 902, in dispatch_request
    return self.ensure_sync(self.view_functions[rule.endpoint])(**view_args)  # type: ignore[no-any-return]
           ~~~~~~~~~~~~~~~~~~~~~~~~~~~~~~~~~~~~~~~~~~~~~~~~~~~~^^^^^^^^^^^^^
  File "/Users/plamenkostadinov/Downloads/logistics-company-osm-v8/app/blueprints/auth.py", line 50, in register_client
    db.execute("INSERT INTO users(email, password_hash, role) VALUES (?,?, 'client')",
    ~~~~~~~~~~^^^^^^^^^^^^^^^^^^^^^^^^^^^^^^^^^^^^^^^^^^^^^^^^^^^^^^^^^^^^^^^^^^^^^^^^
               (email, generate_password_hash(password)))
               ^^^^^^^^^^^^^^^^^^^^^^^^^^^^^^^^^^^^^^^^^^
sqlite3.IntegrityError: UNIQUE constraint failed: users.email
2025-11-04 23:23:42,277 [INFO] app -> Application logger configured. [in /Users/plamenkostadinov/Downloads/logistics-company-osm-v8/app/extensions.py:19]
2025-11-04 23:23:42,278 [INFO] app -> Application logger configured. [in /Users/plamenkostadinov/Downloads/logistics-company-osm-v8/app/extensions.py:19]
2025-11-04 23:23:44,913 [INFO] app -> Application logger configured. [in /Users/plamenkostadinov/Downloads/logistics-company-osm-v8/app/extensions.py:19]
2025-11-04 23:23:44,914 [INFO] app -> Application logger configured. [in /Users/plamenkostadinov/Downloads/logistics-company-osm-v8/app/extensions.py:19]
2025-11-04 23:23:54,754 [INFO] app -> Application logger configured. [in /Users/plamenkostadinov/Downloads/logistics-company-osm-v8/app/extensions.py:19]
2025-11-04 23:23:54,754 [INFO] app -> Application logger configured. [in /Users/plamenkostadinov/Downloads/logistics-company-osm-v8/app/extensions.py:19]
2025-11-04 23:24:20,860 [INFO] app -> Application logger configured. [in /Users/plamenkostadinov/Downloads/logistics-company-osm-v8/app/extensions.py:19]
2025-11-04 23:24:20,861 [INFO] app -> Application logger configured. [in /Users/plamenkostadinov/Downloads/logistics-company-osm-v8/app/extensions.py:19]
2025-11-04 23:24:23,489 [INFO] app -> Application logger configured. [in /Users/plamenkostadinov/Downloads/logistics-company-osm-v8/app/extensions.py:19]
2025-11-04 23:24:23,489 [INFO] app -> Application logger configured. [in /Users/plamenkostadinov/Downloads/logistics-company-osm-v8/app/extensions.py:19]
2025-11-04 23:27:05,096 [INFO] app -> Application logger configured. [in /Users/plamenkostadinov/Downloads/logistics-company-osm-v8/app/extensions.py:19]
2025-11-04 23:27:05,097 [INFO] app -> Application logger configured. [in /Users/plamenkostadinov/Downloads/logistics-company-osm-v8/app/extensions.py:19]
2025-11-04 23:27:32,992 [INFO] app -> Application logger configured. [in /Users/plamenkostadinov/Downloads/logistics-company-osm-v8/app/extensions.py:19]
2025-11-04 23:27:32,994 [INFO] app -> Application logger configured. [in /Users/plamenkostadinov/Downloads/logistics-company-osm-v8/app/extensions.py:19]
2025-11-04 23:28:16,984 [INFO] app -> Application logger configured. [in /Users/plamenkostadinov/Downloads/logistics-company-osm-v8/app/extensions.py:19]
2025-11-04 23:28:16,989 [INFO] app -> Application logger configured. [in /Users/plamenkostadinov/Downloads/logistics-company-osm-v8/app/extensions.py:19]
2025-11-04 23:28:27,757 [INFO] app -> Application logger configured. [in /Users/plamenkostadinov/Downloads/logistics-company-osm-v8/app/extensions.py:19]
2025-11-04 23:28:27,757 [INFO] app -> Application logger configured. [in /Users/plamenkostadinov/Downloads/logistics-company-osm-v8/app/extensions.py:19]
2025-11-04 23:29:06,402 [INFO] app -> Application logger configured. [in /Users/plamenkostadinov/Downloads/logistics-company-osm-v8/app/extensions.py:19]
2025-11-04 23:29:06,404 [INFO] app -> Application logger configured. [in /Users/plamenkostadinov/Downloads/logistics-company-osm-v8/app/extensions.py:19]
2025-11-04 23:29:12,977 [INFO] app -> Application logger configured. [in /Users/plamenkostadinov/Downloads/logistics-company-osm-v8/app/extensions.py:19]
2025-11-04 23:29:12,982 [INFO] app -> Application logger configured. [in /Users/plamenkostadinov/Downloads/logistics-company-osm-v8/app/extensions.py:19]
2025-11-04 23:30:22,072 [INFO] app -> Application logger configured. [in /Users/plamenkostadinov/Downloads/logistics-company-osm-v8/app/extensions.py:19]
2025-11-04 23:30:22,073 [INFO] app -> Application logger configured. [in /Users/plamenkostadinov/Downloads/logistics-company-osm-v8/app/extensions.py:19]
2025-11-04 23:30:39,409 [INFO] app -> Application logger configured. [in /Users/plamenkostadinov/Downloads/logistics-company-osm-v8/app/extensions.py:19]
2025-11-04 23:30:39,410 [INFO] app -> Application logger configured. [in /Users/plamenkostadinov/Downloads/logistics-company-osm-v8/app/extensions.py:19]
2025-11-04 23:31:03,245 [INFO] app -> Application logger configured. [in /Users/plamenkostadinov/Downloads/logistics-company-osm-v8/app/extensions.py:19]
2025-11-04 23:31:03,246 [INFO] app -> Application logger configured. [in /Users/plamenkostadinov/Downloads/logistics-company-osm-v8/app/extensions.py:19]
2025-11-04 23:32:40,344 [INFO] app -> Application logger configured. [in /Users/plamenkostadinov/Downloads/logistics-company-osm-v8/app/extensions.py:19]
2025-11-04 23:32:40,344 [INFO] app -> Application logger configured. [in /Users/plamenkostadinov/Downloads/logistics-company-osm-v8/app/extensions.py:19]
2025-11-04 23:32:55,895 [INFO] app -> Application logger configured. [in /Users/plamenkostadinov/Downloads/logistics-company-osm-v8/app/extensions.py:19]
2025-11-04 23:32:55,896 [INFO] app -> Application logger configured. [in /Users/plamenkostadinov/Downloads/logistics-company-osm-v8/app/extensions.py:19]
2025-11-04 23:35:37,538 [INFO] app -> Application logger configured. [in /Users/plamenkostadinov/Downloads/logistics-company-osm-v8/app/extensions.py:19]
2025-11-04 23:35:37,545 [INFO] app -> Application logger configured. [in /Users/plamenkostadinov/Downloads/logistics-company-osm-v8/app/extensions.py:19]
2025-11-04 23:35:55,690 [INFO] app -> Application logger configured. [in /Users/plamenkostadinov/Downloads/logistics-company-osm-v8/app/extensions.py:19]
2025-11-04 23:35:55,690 [INFO] app -> Application logger configured. [in /Users/plamenkostadinov/Downloads/logistics-company-osm-v8/app/extensions.py:19]
2025-11-04 23:36:11,615 [INFO] app -> Application logger configured. [in /Users/plamenkostadinov/Downloads/logistics-company-osm-v8/app/extensions.py:19]
2025-11-04 23:36:11,618 [INFO] app -> Application logger configured. [in /Users/plamenkostadinov/Downloads/logistics-company-osm-v8/app/extensions.py:19]
2025-11-04 23:36:23,064 [INFO] app -> Application logger configured. [in /Users/plamenkostadinov/Downloads/logistics-company-osm-v8/app/extensions.py:19]
2025-11-04 23:36:23,065 [INFO] app -> Application logger configured. [in /Users/plamenkostadinov/Downloads/logistics-company-osm-v8/app/extensions.py:19]
2025-11-04 23:36:29,105 [INFO] app -> Application logger configured. [in /Users/plamenkostadinov/Downloads/logistics-company-osm-v8/app/extensions.py:19]
2025-11-04 23:36:29,107 [INFO] app -> Application logger configured. [in /Users/plamenkostadinov/Downloads/logistics-company-osm-v8/app/extensions.py:19]
2025-11-04 23:38:11,508 [INFO] app -> Application logger configured. [in /Users/plamenkostadinov/Downloads/logistics-company-osm-v8/app/extensions.py:19]
2025-11-04 23:38:11,510 [INFO] app -> Application logger configured. [in /Users/plamenkostadinov/Downloads/logistics-company-osm-v8/app/extensions.py:19]
2025-11-04 23:41:21,231 [INFO] app -> Application logger configured. [in /Users/plamenkostadinov/Downloads/logistics-company-osm-v8/app/extensions.py:19]
2025-11-04 23:41:21,240 [INFO] app -> Application logger configured. [in /Users/plamenkostadinov/Downloads/logistics-company-osm-v8/app/extensions.py:19]
2025-11-04 23:41:35,606 [INFO] app -> Application logger configured. [in /Users/plamenkostadinov/Downloads/logistics-company-osm-v8/app/extensions.py:19]
2025-11-04 23:41:35,607 [INFO] app -> Application logger configured. [in /Users/plamenkostadinov/Downloads/logistics-company-osm-v8/app/extensions.py:19]
2025-11-04 23:41:50,060 [INFO] app -> Application logger configured. [in /Users/plamenkostadinov/Downloads/logistics-company-osm-v8/app/extensions.py:19]
2025-11-04 23:41:50,060 [INFO] app -> Application logger configured. [in /Users/plamenkostadinov/Downloads/logistics-company-osm-v8/app/extensions.py:19]
2025-11-04 23:46:34,779 [INFO] app -> Application logger configured. [in /Users/plamenkostadinov/Downloads/logistics-company-osm-v8/app/extensions.py:19]
2025-11-04 23:46:34,779 [INFO] app -> Application logger configured. [in /Users/plamenkostadinov/Downloads/logistics-company-osm-v8/app/extensions.py:19]
2025-11-04 23:47:36,818 [INFO] app -> Application logger configured. [in /Users/plamenkostadinov/Downloads/logistics-company-osm-v8/app/extensions.py:19]
2025-11-04 23:47:36,818 [INFO] app -> Application logger configured. [in /Users/plamenkostadinov/Downloads/logistics-company-osm-v8/app/extensions.py:19]
2025-11-04 23:47:44,069 [INFO] app -> Application logger configured. [in /Users/plamenkostadinov/Downloads/logistics-company-osm-v8/app/extensions.py:19]
2025-11-04 23:47:44,069 [INFO] app -> Application logger configured. [in /Users/plamenkostadinov/Downloads/logistics-company-osm-v8/app/extensions.py:19]
2025-11-04 23:52:05,122 [INFO] app -> Application logger configured. [in /Users/plamenkostadinov/Downloads/logistics-company-osm-v8/app/extensions.py:19]
2025-11-04 23:52:10,175 [INFO] app -> Application logger configured. [in /Users/plamenkostadinov/Downloads/logistics-company-osm-v8/app/extensions.py:19]
2025-11-04 23:52:13,034 [INFO] app -> Application logger configured. [in /Users/plamenkostadinov/Downloads/logistics-company-osm-v8/app/extensions.py:19]
2025-11-04 23:52:32,522 [INFO] app -> Application logger configured. [in /Users/plamenkostadinov/Downloads/logistics-company-osm-v8/app/extensions.py:19]
2025-11-04 23:56:16,344 [INFO] app -> Application logger configured. [in /Users/plamenkostadinov/Downloads/logistics-company-osm-v8/app/extensions.py:19]
2025-11-04 23:56:34,327 [INFO] app -> Application logger configured. [in /Users/plamenkostadinov/Downloads/logistics-company-osm-v8/app/extensions.py:19]
2025-11-04 23:57:15,598 [INFO] app -> Application logger configured. [in /Users/plamenkostadinov/Downloads/logistics-company-osm-v8/app/extensions.py:19]
2025-11-05 00:09:56,860 [INFO] app -> Application logger configured. [in /Users/plamenkostadinov/Downloads/logistics-company-osm-v8/app/extensions.py:19]
2025-11-05 00:10:06,294 [INFO] app -> Application logger configured. [in /Users/plamenkostadinov/Downloads/logistics-company-osm-v8/app/extensions.py:19]
2025-11-05 00:10:17,721 [INFO] app -> Application logger configured. [in /Users/plamenkostadinov/Downloads/logistics-company-osm-v8/app/extensions.py:19]
2025-11-05 00:10:21,995 [INFO] app -> Application logger configured. [in /Users/plamenkostadinov/Downloads/logistics-company-osm-v8/app/extensions.py:19]
2025-11-05 00:10:48,592 [INFO] app -> Application logger configured. [in /Users/plamenkostadinov/Downloads/logistics-company-osm-v8/app/extensions.py:19]
2025-11-05 00:11:36,193 [INFO] app -> Application logger configured. [in /Users/plamenkostadinov/Downloads/logistics-company-osm-v8/app/extensions.py:19]
2025-11-05 00:12:59,518 [INFO] app -> Application logger configured. [in /Users/plamenkostadinov/Downloads/logistics-company-osm-v8/app/extensions.py:19]
2025-11-05 00:13:10,579 [INFO] app -> Application logger configured. [in /Users/plamenkostadinov/Downloads/logistics-company-osm-v8/app/extensions.py:19]
2025-11-05 00:14:54,831 [INFO] app -> Application logger configured. [in /Users/plamenkostadinov/Downloads/logistics-company-osm-v8/app/extensions.py:19]
2025-11-05 00:15:05,767 [INFO] app -> Application logger configured. [in /Users/plamenkostadinov/Downloads/logistics-company-osm-v8/app/extensions.py:19]
2025-11-05 00:15:35,965 [INFO] app -> Application logger configured. [in /Users/plamenkostadinov/Downloads/logistics-company-osm-v8/app/extensions.py:19]
2025-11-05 00:15:59,525 [INFO] app -> Application logger configured. [in /Users/plamenkostadinov/Downloads/logistics-company-osm-v8/app/extensions.py:19]
2025-11-05 00:16:39,475 [INFO] app -> Application logger configured. [in /Users/plamenkostadinov/Downloads/logistics-company-osm-v8/app/extensions.py:19]
2025-11-05 00:51:34,909 [INFO] app -> Application logger configured. [in /Users/plamenkostadinov/Downloads/logistics-company-osm-v8/app/extensions.py:42]
2025-11-05 00:51:35,329 [INFO] app -> Application logger configured. [in /Users/plamenkostadinov/Downloads/logistics-company-osm-v8/app/extensions.py:42]
2025-11-05 10:20:22,548 [INFO] app -> Application logger configured. [in /Users/plamenkostadinov/Downloads/logistics-company-osm-v8/app/extensions.py:42]
2025-11-05 10:42:31,837 [INFO] app -> Application logger configured. [in /Users/plamenkostadinov/Downloads/logistics-company-osm-v8/app/extensions.py:42]
2025-11-05 10:42:32,228 [INFO] app -> Application logger configured. [in /Users/plamenkostadinov/Downloads/logistics-company-osm-v8/app/extensions.py:42]
2025-11-05 10:50:56,559 [INFO] app -> Application logger configured. [in /Users/plamenkostadinov/Downloads/logistics-company-osm-v8/app/extensions.py:42]
2025-11-05 10:50:57,045 [INFO] app -> Application logger configured. [in /Users/plamenkostadinov/Downloads/logistics-company-osm-v8/app/extensions.py:42]
2025-11-05 10:51:59,687 [INFO] app -> Application logger configured. [in /Users/plamenkostadinov/Downloads/logistics-company-osm-v8/app/extensions.py:42]
2025-11-05 10:52:28,173 [INFO] app -> Application logger configured. [in /Users/plamenkostadinov/Downloads/logistics-company-osm-v8/app/extensions.py:42]
2025-11-05 10:52:28,564 [INFO] app -> Application logger configured. [in /Users/plamenkostadinov/Downloads/logistics-company-osm-v8/app/extensions.py:42]
2025-11-05 10:53:35,305 [INFO] app -> Application logger configured. [in /Users/plamenkostadinov/Downloads/logistics-company-osm-v8/app/extensions.py:42]
2025-11-05 10:53:35,905 [INFO] app -> Application logger configured. [in /Users/plamenkostadinov/Downloads/logistics-company-osm-v8/app/extensions.py:42]
2025-11-05 10:54:58,402 [INFO] app -> Application logger configured. [in /Users/plamenkostadinov/Downloads/logistics-company-osm-v8/app/extensions.py:42]
2025-11-05 10:54:58,792 [INFO] app -> Application logger configured. [in /Users/plamenkostadinov/Downloads/logistics-company-osm-v8/app/extensions.py:42]
2025-11-05 11:24:12,424 [INFO] app -> Application logger configured. [in /Users/plamenkostadinov/Downloads/logistics-company-osm-v8/app/extensions.py:42]
2025-11-05 11:24:12,802 [INFO] app -> Application logger configured. [in /Users/plamenkostadinov/Downloads/logistics-company-osm-v8/app/extensions.py:42]
2025-11-05 11:24:50,916 [INFO] app -> Application logger configured. [in /Users/plamenkostadinov/Downloads/logistics-company-osm-v8/app/extensions.py:42]
2025-11-05 11:49:38,102 [INFO] app -> Application logger configured. [in /Users/plamenkostadinov/Downloads/logistics-company-osm-v8/app/extensions.py:42]
2025-11-05 11:49:39,874 [INFO] app -> Application logger configured. [in /Users/plamenkostadinov/Downloads/logistics-company-osm-v8/app/extensions.py:42]
2025-11-05 11:54:17,662 [INFO] app -> Application logger configured. [in /Users/plamenkostadinov/Downloads/logistics-company-osm-v8/app/extensions.py:42]
2025-11-05 12:09:45,343 [INFO] app -> Application logger configured. [in /Users/plamenkostadinov/Downloads/logistics-company-osm-v8/app/extensions.py:42]
2025-11-05 12:16:22,670 [INFO] app -> Application logger configured. [in /Users/plamenkostadinov/Downloads/logistics-company-osm-v8/app/extensions.py:42]
2025-11-05 12:16:24,554 [INFO] app -> Application logger configured. [in /Users/plamenkostadinov/Downloads/logistics-company-osm-v8/app/extensions.py:42]
2025-11-05 12:16:28,655 [INFO] app -> Application logger configured. [in /Users/plamenkostadinov/Downloads/logistics-company-osm-v8/app/extensions.py:42]
2025-11-05 12:22:19,505 [INFO] app -> Application logger configured. [in /Users/plamenkostadinov/Downloads/logistics-company-osm-v8/app/extensions.py:42]
2025-11-05 12:22:19,900 [INFO] app -> Application logger configured. [in /Users/plamenkostadinov/Downloads/logistics-company-osm-v8/app/extensions.py:42]
2025-11-05 13:34:54,893 [INFO] app -> Application logger configured. [in /Users/plamenkostadinov/Downloads/logistics-company-osm-v8/app/extensions.py:42]
2025-11-05 13:35:17,069 [INFO] app -> Application logger configured. [in /Users/plamenkostadinov/Downloads/logistics-company-osm-v8/app/extensions.py:42]
2025-11-05 13:42:52,154 [INFO] app -> Application logger configured. [in /Users/plamenkostadinov/Downloads/logistics-company-osm-v8/app/extensions.py:42]
